./spec/config/saml_config_spec.rb:0.001959778
./spec/config/saml_config_spec.rb:1.185011392
./spec/config/saml_config_spec.rb:0.032836912
./spec/controllers/admin/announcements_controller_spec.rb:0.042734468
./spec/controllers/admin/announcements_controller_spec.rb:0.023020799
./spec/controllers/admin/announcements_controller_spec.rb:0.012989147
./spec/controllers/admin/announcements_controller_spec.rb:0.01451384
./spec/controllers/admin/announcements_controller_spec.rb:0.013756528
./spec/controllers/admin/announcements_controller_spec.rb:0.028111553
./spec/controllers/admin/announcements_controller_spec.rb:0.016808472
./spec/controllers/admin/announcements_controller_spec.rb:0.028010727
./spec/controllers/admin/calendar_controller_spec.rb:0.690161881
./spec/controllers/admin/calendar_controller_spec.rb:0.578347603
./spec/controllers/admin/calendar_controller_spec.rb:0.712241757
./spec/controllers/admin/calendar_controller_spec.rb:0.880673604
./spec/controllers/admin/certifications_controller_spec.rb:0.024336071
./spec/controllers/admin/certifications_controller_spec.rb:0.027558536
./spec/controllers/admin/certifications_controller_spec.rb:0.05746705
./spec/controllers/admin/certifications_controller_spec.rb:0.031673972
./spec/controllers/admin/certifications_controller_spec.rb:0.018406466
./spec/controllers/admin/contact_infos_controller_spec.rb:0.064118706
./spec/controllers/admin/contact_infos_controller_spec.rb:0.050960244
./spec/controllers/admin/contact_infos_controller_spec.rb:0.055883288
./spec/controllers/admin/contact_infos_controller_spec.rb:0.043599019
./spec/controllers/admin/contact_infos_controller_spec.rb:0.049328094
./spec/controllers/admin/contact_infos_controller_spec.rb:0.042743388
./spec/controllers/admin/contact_infos_controller_spec.rb:0.04225663
./spec/controllers/admin/design_days_controller_spec.rb:0.048894289
./spec/controllers/admin/design_days_controller_spec.rb:0.039858134
./spec/controllers/admin/design_days_controller_spec.rb:0.062038643
./spec/controllers/admin/design_days_controller_spec.rb:0.045210207
./spec/controllers/admin/design_days_controller_spec.rb:0.093989778
./spec/controllers/admin/drop_off_locations_controller_spec.rb:0.111065938
./spec/controllers/admin/drop_off_locations_controller_spec.rb:0.045494544
./spec/controllers/admin/drop_off_locations_controller_spec.rb:0.035912159
./spec/controllers/admin/drop_off_locations_controller_spec.rb:0.035756886
./spec/controllers/admin/drop_off_locations_controller_spec.rb:0.034710343
./spec/controllers/admin/drop_off_locations_controller_spec.rb:0.031920272
./spec/controllers/admin/events_controller_spec.rb:0.645799588
./spec/controllers/admin/events_controller_spec.rb:0.600372342
./spec/controllers/admin/events_controller_spec.rb:0.857320626
./spec/controllers/admin/events_controller_spec.rb:0.756667975
./spec/controllers/admin/events_controller_spec.rb:0.571009791
./spec/controllers/admin/events_controller_spec.rb:0.5744221
./spec/controllers/admin/events_controller_spec.rb:0.527799911
./spec/controllers/admin/events_controller_spec.rb:0.571444826
./spec/controllers/admin/events_controller_spec.rb:0.567469988
./spec/controllers/admin/events_controller_spec.rb:2.306401014
./spec/controllers/admin/job_options_controller_spec.rb:0.068709094
./spec/controllers/admin/job_options_controller_spec.rb:0.043169545
./spec/controllers/admin/job_options_controller_spec.rb:0.033208691
./spec/controllers/admin/job_options_controller_spec.rb:0.031625632
./spec/controllers/admin/job_options_controller_spec.rb:0.061569991
./spec/controllers/admin/job_options_controller_spec.rb:0.044266873
./spec/controllers/admin/job_options_controller_spec.rb:0.036463466
./spec/controllers/admin/job_service_groups_controller_spec.rb:0.055709449
./spec/controllers/admin/job_service_groups_controller_spec.rb:0.044475347
./spec/controllers/admin/job_service_groups_controller_spec.rb:0.033827158
./spec/controllers/admin/job_service_groups_controller_spec.rb:0.053772017
./spec/controllers/admin/job_services_controller_spec.rb:0.046391995
./spec/controllers/admin/job_services_controller_spec.rb:0.054427077
./spec/controllers/admin/job_services_controller_spec.rb:0.046323336
./spec/controllers/admin/job_services_controller_spec.rb:0.063872724
./spec/controllers/admin/job_services_controller_spec.rb:0.053292166
./spec/controllers/admin/job_tasks_spec.rb:0.215444416
./spec/controllers/admin/job_tasks_spec.rb:0.139564102
./spec/controllers/admin/job_tasks_spec.rb:0.135477267
./spec/controllers/admin/job_tasks_spec.rb:0.177478925
./spec/controllers/admin/job_types_controller_spec.rb:0.079921574
./spec/controllers/admin/job_types_controller_spec.rb:0.067970922
./spec/controllers/admin/job_types_controller_spec.rb:0.03168873
./spec/controllers/admin/job_types_controller_spec.rb:0.03864402
./spec/controllers/admin/key_transactions_controller_spec.rb:0.689584008
./spec/controllers/admin/key_transactions_controller_spec.rb:0.022591518
./spec/controllers/admin/key_transactions_controller_spec.rb:0.871963719
./spec/controllers/admin/key_transactions_controller_spec.rb:0.666622034
./spec/controllers/admin/keys_controller_spec.rb:0.69412682
./spec/controllers/admin/keys_controller_spec.rb:0.631285478
./spec/controllers/admin/keys_controller_spec.rb:0.836418232
./spec/controllers/admin/keys_controller_spec.rb:0.648428314
./spec/controllers/admin/keys_controller_spec.rb:1.171855812
./spec/controllers/admin/keys_controller_spec.rb:0.54088847
./spec/controllers/admin/keys_controller_spec.rb:1.083031808
./spec/controllers/admin/keys_controller_spec.rb:0.590926984
./spec/controllers/admin/keys_controller_spec.rb:0.541116968
./spec/controllers/admin/keys_controller_spec.rb:0.591558123
./spec/controllers/admin/keys_controller_spec.rb:0.54831448
./spec/controllers/admin/keys_controller_spec.rb:0.590077941
./spec/controllers/admin/keys_controller_spec.rb:0.574540601
./spec/controllers/admin/keys_controller_spec.rb:0.610641474
./spec/controllers/admin/keys_controller_spec.rb:0.634998919
./spec/controllers/admin/keys_controller_spec.rb:0.629329887
./spec/controllers/admin/keys_controller_spec.rb:0.576741913
./spec/controllers/admin/keys_controller_spec.rb:0.615091842
./spec/controllers/admin/keys_controller_spec.rb:0.575630151
./spec/controllers/admin/keys_controller_spec.rb:0.55410205
./spec/controllers/admin/keys_controller_spec.rb:0.567889712
./spec/controllers/admin/keys_controller_spec.rb:0.541745009
./spec/controllers/admin/pi_readers_controller_spec.rb:0.513676028
./spec/controllers/admin/pi_readers_controller_spec.rb:0.522981947
./spec/controllers/admin/report_generator_controller_spec.rb:0.029696321
./spec/controllers/admin/report_generator_controller_spec.rb:0.019859574
./spec/controllers/admin/report_generator_controller_spec.rb:1.068145749
./spec/controllers/admin/report_generator_controller_spec.rb:1.077250077
./spec/controllers/admin/report_generator_controller_spec.rb:1.051748676
./spec/controllers/admin/report_generator_controller_spec.rb:1.110227162
./spec/controllers/admin/report_generator_controller_spec.rb:1.088637111
./spec/controllers/admin/report_generator_controller_spec.rb:1.145748159
./spec/controllers/admin/report_generator_controller_spec.rb:1.023187176
./spec/controllers/admin/report_generator_controller_spec.rb:1.086315029
./spec/controllers/admin/report_generator_controller_spec.rb:1.077597603
./spec/controllers/admin/report_generator_controller_spec.rb:1.143624843
./spec/controllers/admin/report_generator_controller_spec.rb:1.102580344
./spec/controllers/admin/report_generator_controller_spec.rb:1.042575465
./spec/controllers/admin/report_generator_controller_spec.rb:1.314644097
./spec/controllers/admin/report_generator_controller_spec.rb:1.597707104
./spec/controllers/admin/report_generator_controller_spec.rb:1.081891852
./spec/controllers/admin/report_generator_controller_spec.rb:1.098443267
./spec/controllers/admin/report_generator_controller_spec.rb:1.073820086
./spec/controllers/admin/report_generator_controller_spec.rb:1.093259103
./spec/controllers/admin/report_generator_controller_spec.rb:1.063238082
./spec/controllers/admin/report_generator_controller_spec.rb:1.115003994
./spec/controllers/admin/report_generator_controller_spec.rb:1.075359593
./spec/controllers/admin/report_generator_controller_spec.rb:1.075197806
./spec/controllers/admin/report_generator_controller_spec.rb:1.069286327
./spec/controllers/admin/report_generator_controller_spec.rb:1.095787755
./spec/controllers/admin/settings_controller_spec.rb:0.02777091
./spec/controllers/admin/settings_controller_spec.rb:0.053924735
./spec/controllers/admin/settings_controller_spec.rb:0.014153561
./spec/controllers/admin/settings_controller_spec.rb:0.010120448
./spec/controllers/admin/settings_controller_spec.rb:0.013289404
./spec/controllers/admin/settings_controller_spec.rb:0.009744504
./spec/controllers/admin/settings_controller_spec.rb:0.015941906
./spec/controllers/admin/settings_controller_spec.rb:0.00832519
./spec/controllers/admin/settings_controller_spec.rb:0.012888028
./spec/controllers/admin/settings_controller_spec.rb:0.007628632
./spec/controllers/admin/settings_controller_spec.rb:0.010535565
./spec/controllers/admin/settings_controller_spec.rb:0.008328526
./spec/controllers/admin/settings_controller_spec.rb:0.011371431
./spec/controllers/admin/settings_controller_spec.rb:0.007927668
./spec/controllers/admin/settings_controller_spec.rb:0.007701453
./spec/controllers/admin/settings_controller_spec.rb:0.013079843
./spec/controllers/admin/settings_controller_spec.rb:0.007816281
./spec/controllers/admin/settings_controller_spec.rb:0.511919903
./spec/controllers/admin/settings_controller_spec.rb:0.008666699
./spec/controllers/admin/settings_controller_spec.rb:0.042150815
./spec/controllers/admin/settings_controller_spec.rb:0.032088651
./spec/controllers/admin/spaces_controller_spec.rb:0.639388858
./spec/controllers/admin/spaces_controller_spec.rb:0.515338819
./spec/controllers/admin/spaces_controller_spec.rb:1.02526106
./spec/controllers/admin/spaces_controller_spec.rb:1.083012593
./spec/controllers/admin/spaces_controller_spec.rb:1.040172147
./spec/controllers/admin/spaces_controller_spec.rb:1.026895716
./spec/controllers/admin/spaces_controller_spec.rb:0.554580785
./spec/controllers/admin/spaces_controller_spec.rb:1.302175299
./spec/controllers/admin/spaces_controller_spec.rb:1.082615105
./spec/controllers/admin/spaces_controller_spec.rb:1.178273986
./spec/controllers/admin/spaces_controller_spec.rb:1.108173807
./spec/controllers/admin/spaces_controller_spec.rb:1.124294588
./spec/controllers/admin/spaces_controller_spec.rb:1.097855253
./spec/controllers/admin/spaces_controller_spec.rb:1.089983184
./spec/controllers/admin/spaces_controller_spec.rb:1.091772434
./spec/controllers/admin/training_sessions_controller_spec.rb:0.024774118
./spec/controllers/admin/training_sessions_controller_spec.rb:0.034183467
./spec/controllers/admin/training_sessions_controller_spec.rb:0.04191711
./spec/controllers/admin/training_sessions_controller_spec.rb:0.032097662
./spec/controllers/admin/training_sessions_controller_spec.rb:0.030325182
./spec/controllers/admin/trainings_controller_spec.rb:0.016653119
./spec/controllers/admin/trainings_controller_spec.rb:0.020738475
./spec/controllers/admin/trainings_controller_spec.rb:0.014860363
./spec/controllers/admin/trainings_controller_spec.rb:0.016154194
./spec/controllers/admin/trainings_controller_spec.rb:0.022954312
./spec/controllers/admin/trainings_controller_spec.rb:0.022482779
./spec/controllers/admin/trainings_controller_spec.rb:0.021432515
./spec/controllers/admin/trainings_controller_spec.rb:0.015240686
./spec/controllers/admin/trainings_controller_spec.rb:0.046798935
./spec/controllers/admin/users_controller_spec.rb:0.58867752
./spec/controllers/admin/users_controller_spec.rb:0.583599784
./spec/controllers/admin/users_controller_spec.rb:0.593947218
./spec/controllers/admin/users_controller_spec.rb:0.553309172
./spec/controllers/admin/users_controller_spec.rb:0.591585697
./spec/controllers/admin/users_controller_spec.rb:0.620312683
./spec/controllers/admin/users_controller_spec.rb:0.607438753
./spec/controllers/admin/users_controller_spec.rb:1.673405383
./spec/controllers/admin/users_controller_spec.rb:3.376455405
./spec/controllers/admin/users_controller_spec.rb:0.558936655
./spec/controllers/admin/users_controller_spec.rb:0.821086365
./spec/controllers/admin_controller_spec.rb:0.015062688
./spec/controllers/admin_controller_spec.rb:0.020153389
./spec/controllers/announcements_controller_spec.rb:0.026013369
./spec/controllers/announcements_controller_spec.rb:0.014198506
./spec/controllers/announcements_controller_spec.rb:0.011552187
./spec/controllers/announcements_controller_spec.rb:0.013450435
./spec/controllers/announcements_controller_spec.rb:0.013396067
./spec/controllers/announcements_controller_spec.rb:0.012561288
./spec/controllers/announcements_controller_spec.rb:0.015718254
./spec/controllers/announcements_controller_spec.rb:0.013302232
./spec/controllers/announcements_controller_spec.rb:0.010346575
./spec/controllers/announcements_controller_spec.rb:0.013194201
./spec/controllers/announcements_controller_spec.rb:0.012159719
./spec/controllers/announcements_controller_spec.rb:0.011345579
./spec/controllers/announcements_controller_spec.rb:0.028343422
./spec/controllers/announcements_controller_spec.rb:0.023960834
./spec/controllers/announcements_controller_spec.rb:0.01748667
./spec/controllers/announcements_controller_spec.rb:0.015092516
./spec/controllers/announcements_controller_spec.rb:0.015630528
./spec/controllers/announcements_controller_spec.rb:0.016076267
./spec/controllers/announcements_controller_spec.rb:0.01348514
./spec/controllers/announcements_controller_spec.rb:0.012185475
./spec/controllers/announcements_controller_spec.rb:0.017606542
./spec/controllers/announcements_controller_spec.rb:0.015873565
./spec/controllers/announcements_controller_spec.rb:0.012052967
./spec/controllers/announcements_controller_spec.rb:0.010942523
./spec/controllers/badges_controller_spec.rb:0.048854613
./spec/controllers/badges_controller_spec.rb:0.027452233
./spec/controllers/badges_controller_spec.rb:0.032801024
./spec/controllers/badges_controller_spec.rb:0.006733779
./spec/controllers/badges_controller_spec.rb:0.60030217
./spec/controllers/badges_controller_spec.rb:0.585026541
./spec/controllers/carts_controller_spec.rb:0.023825013
./spec/controllers/carts_controller_spec.rb:0.022391418
./spec/controllers/cc_moneys_controller_spec.rb:0.006337392
./spec/controllers/cc_moneys_controller_spec.rb:0.057234955
./spec/controllers/cc_moneys_controller_spec.rb:0.043838582
./spec/controllers/cc_moneys_controller_spec.rb:0.062973766
./spec/controllers/cc_moneys_controller_spec.rb:0.048607379
./spec/controllers/comments_controller_spec.rb:0.069210529
./spec/controllers/comments_controller_spec.rb:0.02152929
./spec/controllers/comments_controller_spec.rb:0.048836377
./spec/controllers/comments_controller_spec.rb:0.041403564
./spec/controllers/comments_controller_spec.rb:0.038763343
./spec/controllers/comments_controller_spec.rb:0.061556192
./spec/controllers/comments_controller_spec.rb:0.058099607
./spec/controllers/comments_controller_spec.rb:0.079273305
./spec/controllers/comments_controller_spec.rb:0.076786229
./spec/controllers/custom_webhooks_controller_spec.rb:8.850048305
./spec/controllers/custom_webhooks_controller_spec.rb:0.314571212
./spec/controllers/custom_webhooks_controller_spec.rb:0.71456985
./spec/controllers/custom_webhooks_controller_spec.rb:0.615261802
./spec/controllers/development_programs_controller_spec.rb:0.021664516
./spec/controllers/development_programs_controller_spec.rb:0.02372009
./spec/controllers/development_programs_controller_spec.rb:0.024522484
./spec/controllers/development_programs_controller_spec.rb:0.023205117
./spec/controllers/development_programs_controller_spec.rb:0.03588854
./spec/controllers/development_programs_controller_spec.rb:0.003395244
./spec/controllers/development_programs_controller_spec.rb:0.029441935
./spec/controllers/exam_responses_controller_spec.rb:0.038260959
./spec/controllers/exam_responses_controller_spec.rb:0.046541267
./spec/controllers/exam_responses_controller_spec.rb:0.052812248
./spec/controllers/exams_controller_spec.rb:0.018827125
./spec/controllers/exams_controller_spec.rb:0.028866619
./spec/controllers/exams_controller_spec.rb:0.781460477
./spec/controllers/exams_controller_spec.rb:0.017691779
./spec/controllers/exams_controller_spec.rb:0.016313478
./spec/controllers/exams_controller_spec.rb:0.024922803
./spec/controllers/exams_controller_spec.rb:0.565852096
./spec/controllers/exams_controller_spec.rb:0.583406431
./spec/controllers/exams_controller_spec.rb:0.941963579
./spec/controllers/exams_controller_spec.rb:0.750670255
./spec/controllers/exams_controller_spec.rb:0.85482254
./spec/controllers/exams_controller_spec.rb:1.033230814
./spec/controllers/exams_controller_spec.rb:0.016657038
./spec/controllers/faqs_controller_spec.rb:0.027583367
./spec/controllers/faqs_controller_spec.rb:0.016871272
./spec/controllers/faqs_controller_spec.rb:0.035853659
./spec/controllers/faqs_controller_spec.rb:0.037382914
./spec/controllers/faqs_controller_spec.rb:0.034530885
./spec/controllers/faqs_controller_spec.rb:0.052546775
./spec/controllers/getting_started_controller_spec.rb:0.021861959
./spec/controllers/getting_started_controller_spec.rb:0.004305783
./spec/controllers/getting_started_controller_spec.rb:0.02105705
./spec/controllers/getting_started_controller_spec.rb:0.003516384
./spec/controllers/help_controller_spec.rb:0.010209009
./spec/controllers/help_controller_spec.rb:0.009204792
./spec/controllers/key_certifications_controller_spec.rb:0.05163052
./spec/controllers/key_certifications_controller_spec.rb:0.040343956
./spec/controllers/key_certifications_controller_spec.rb:0.044877138
./spec/controllers/key_certifications_controller_spec.rb:0.189298353
./spec/controllers/key_certifications_controller_spec.rb:0.659992896
./spec/controllers/key_certifications_controller_spec.rb:0.036075587
./spec/controllers/key_requests_controller_spec.rb:0.840542147
./spec/controllers/key_requests_controller_spec.rb:0.773874643
./spec/controllers/key_requests_controller_spec.rb:0.589758546
./spec/controllers/key_requests_controller_spec.rb:0.020636915
./spec/controllers/key_requests_controller_spec.rb:0.611039302
./spec/controllers/key_requests_controller_spec.rb:0.607445327
./spec/controllers/key_requests_controller_spec.rb:0.561861652
./spec/controllers/key_requests_controller_spec.rb:0.589791854
./spec/controllers/key_requests_controller_spec.rb:0.625802439
./spec/controllers/key_requests_controller_spec.rb:1.115277946
./spec/controllers/key_requests_controller_spec.rb:0.577608837
./spec/controllers/key_requests_controller_spec.rb:0.5895907
./spec/controllers/key_requests_controller_spec.rb:0.57479893
./spec/controllers/key_requests_controller_spec.rb:0.632199969
./spec/controllers/key_requests_controller_spec.rb:0.61674561
./spec/controllers/kiosk_controller_spec.rb:0.026483955
./spec/controllers/kiosk_controller_spec.rb:0.012233046
./spec/controllers/kiosk_controller_spec.rb:0.009164315
./spec/controllers/kiosk_controller_spec.rb:0.012880239
./spec/controllers/kiosk_controller_spec.rb:0.043584247
./spec/controllers/learning_area_controller_spec.rb:0.029149302
./spec/controllers/learning_area_controller_spec.rb:0.026942256
./spec/controllers/learning_area_controller_spec.rb:0.021641722
./spec/controllers/learning_area_controller_spec.rb:0.06772684
./spec/controllers/learning_area_controller_spec.rb:0.046595588
./spec/controllers/learning_area_controller_spec.rb:0.034240158
./spec/controllers/learning_area_controller_spec.rb:0.134142352
./spec/controllers/learning_area_controller_spec.rb:0.028285724
./spec/controllers/learning_area_controller_spec.rb:0.057312709
./spec/controllers/learning_area_controller_spec.rb:0.043752343
./spec/controllers/learning_area_controller_spec.rb:0.044118004
./spec/controllers/learning_area_controller_spec.rb:0.260969972
./spec/controllers/learning_area_controller_spec.rb:0.052216487
./spec/controllers/learning_module_track_controller_spec.rb:0.042349252
./spec/controllers/learning_module_track_controller_spec.rb:0.062093893
./spec/controllers/learning_module_track_controller_spec.rb:0.058140797
./spec/controllers/licenses_controller_spec.rb:0.01579544
./spec/controllers/licenses_controller_spec.rb:0.012775114
./spec/controllers/licenses_controller_spec.rb:0.012055264
./spec/controllers/licenses_controller_spec.rb:0.011724276
./spec/controllers/licenses_controller_spec.rb:0.011933314
./spec/controllers/licenses_controller_spec.rb:0.011339127
./spec/controllers/locker_rentals_controller_spec.rb:0.08820478
./spec/controllers/locker_rentals_controller_spec.rb:0.039930646
./spec/controllers/locker_rentals_controller_spec.rb:0.040753899
./spec/controllers/locker_rentals_controller_spec.rb:0.050584425
./spec/controllers/locker_rentals_controller_spec.rb:0.054442317
./spec/controllers/locker_rentals_controller_spec.rb:0.068391529
./spec/controllers/locker_rentals_controller_spec.rb:0.124274544
./spec/controllers/locker_rentals_controller_spec.rb:0.168151514
./spec/controllers/locker_rentals_controller_spec.rb:0.065367151
./spec/controllers/locker_rentals_controller_spec.rb:0.065504424
./spec/controllers/locker_rentals_controller_spec.rb:0.063043046
./spec/controllers/locker_rentals_controller_spec.rb:0.05980318
./spec/controllers/locker_rentals_controller_spec.rb:0.07801164
./spec/controllers/locker_rentals_controller_spec.rb:0.039679275
./spec/controllers/locker_rentals_controller_spec.rb:0.053958564
./spec/controllers/locker_rentals_controller_spec.rb:0.045181906
./spec/controllers/locker_rentals_controller_spec.rb:0.059881292
./spec/controllers/locker_rentals_controller_spec.rb:0.110216629
./spec/controllers/locker_rentals_controller_spec.rb:0.043899552
./spec/controllers/locker_rentals_controller_spec.rb:0.045752499
./spec/controllers/locker_rentals_controller_spec.rb:0.095591591
./spec/controllers/locker_rentals_controller_spec.rb:0.063949198
./spec/controllers/locker_rentals_controller_spec.rb:0.133786342
./spec/controllers/locker_rentals_controller_spec.rb:0.086460568
./spec/controllers/locker_rentals_controller_spec.rb:0.125797033
./spec/controllers/locker_rentals_controller_spec.rb:0.074958486
./spec/controllers/locker_rentals_controller_spec.rb:0.026067967
./spec/controllers/locker_rentals_controller_spec.rb:0.024040601
./spec/controllers/locker_rentals_controller_spec.rb:0.024354986
./spec/controllers/locker_rentals_controller_spec.rb:0.000017925
./spec/controllers/lockers_controller_spec.rb:0.024389738
./spec/controllers/lockers_controller_spec.rb:0.025209233
./spec/controllers/lockers_controller_spec.rb:0.035383947
./spec/controllers/makes_controller_spec.rb:0.135351279
./spec/controllers/makes_controller_spec.rb:0.031470314
./spec/controllers/memberships_spec.rb:0.08832237
./spec/controllers/memberships_spec.rb:0.089956404
./spec/controllers/memberships_spec.rb:0.095575711
./spec/controllers/memberships_spec.rb:0.07561162
./spec/controllers/memberships_spec.rb:0.050900859
./spec/controllers/memberships_spec.rb:0.032591966
./spec/controllers/order_items_controller_spec.rb:0.041010089
./spec/controllers/order_items_controller_spec.rb:0.049603945
./spec/controllers/order_items_controller_spec.rb:1.570970505
./spec/controllers/order_items_controller_spec.rb:0.070395202
./spec/controllers/order_items_controller_spec.rb:0.051729421
./spec/controllers/orders_controller_spec.rb:0.067942282
./spec/controllers/orders_controller_spec.rb:0.063426312
./spec/controllers/orders_controller_spec.rb:0.071817838
./spec/controllers/orders_controller_spec.rb:0.097281912
./spec/controllers/orders_controller_spec.rb:0.14881036
./spec/controllers/orders_controller_spec.rb:0.036894127
./spec/controllers/orders_controller_spec.rb:0.036388919
./spec/controllers/orders_controller_spec.rb:0.069102623
./spec/controllers/price_rules_controller_spec.rb:0.037208155
./spec/controllers/price_rules_controller_spec.rb:0.024512025
./spec/controllers/price_rules_controller_spec.rb:0.01874365
./spec/controllers/price_rules_controller_spec.rb:0.023477498
./spec/controllers/price_rules_controller_spec.rb:0.615511449
./spec/controllers/price_rules_controller_spec.rb:0.298235823
./spec/controllers/price_rules_controller_spec.rb:0.187939585
./spec/controllers/price_rules_controller_spec.rb:0.455599004
./spec/controllers/price_rules_controller_spec.rb:0.264117969
./spec/controllers/printer_issues_controller_spec.rb:0.155064967
./spec/controllers/printer_issues_controller_spec.rb:0.047662599
./spec/controllers/printer_issues_controller_spec.rb:0.046240347
./spec/controllers/printer_issues_controller_spec.rb:0.068669758
./spec/controllers/printer_issues_controller_spec.rb:0.058455602
./spec/controllers/printer_issues_controller_spec.rb:0.232260132
./spec/controllers/printer_issues_controller_spec.rb:0.049927947
./spec/controllers/printer_issues_controller_spec.rb:0.069588655
./spec/controllers/printer_types_controller_spec.rb:0.014073133
./spec/controllers/printer_types_controller_spec.rb:0.011203824
./spec/controllers/printer_types_controller_spec.rb:0.011707131
./spec/controllers/printer_types_controller_spec.rb:0.015013299
./spec/controllers/printer_types_controller_spec.rb:0.01285693
./spec/controllers/printer_types_controller_spec.rb:0.01815586
./spec/controllers/printer_types_controller_spec.rb:0.02628993
./spec/controllers/printer_types_controller_spec.rb:0.011134613
./spec/controllers/printer_types_controller_spec.rb:0.012978747
./spec/controllers/printers_controller_spec.rb:0.049100565
./spec/controllers/printers_controller_spec.rb:0.042564174
./spec/controllers/printers_controller_spec.rb:0.043619586
./spec/controllers/printers_controller_spec.rb:0.028294012
./spec/controllers/printers_controller_spec.rb:0.029315467
./spec/controllers/printers_controller_spec.rb:0.028242292
./spec/controllers/printers_controller_spec.rb:0.024123587
./spec/controllers/printers_controller_spec.rb:0.055089964
./spec/controllers/printers_controller_spec.rb:0.024754533
./spec/controllers/printers_controller_spec.rb:0.042107282
./spec/controllers/printers_controller_spec.rb:0.022404494
./spec/controllers/printers_controller_spec.rb:0.036066687
./spec/controllers/printers_controller_spec.rb:0.084113936
./spec/controllers/printers_controller_spec.rb:0.106410889
./spec/controllers/printers_controller_spec.rb:0.054693093
./spec/controllers/printers_controller_spec.rb:0.03575003
./spec/controllers/printers_controller_spec.rb:0.036073454
./spec/controllers/proficient_projects_controller_spec.rb:0.034437052
./spec/controllers/proficient_projects_controller_spec.rb:0.025132984
./spec/controllers/proficient_projects_controller_spec.rb:0.02283207
./spec/controllers/proficient_projects_controller_spec.rb:0.055850516
./spec/controllers/proficient_projects_controller_spec.rb:0.081497819
./spec/controllers/proficient_projects_controller_spec.rb:0.043002934
./spec/controllers/proficient_projects_controller_spec.rb:0.027804159
./spec/controllers/proficient_projects_controller_spec.rb:0.049278087
./spec/controllers/proficient_projects_controller_spec.rb:0.102160239
./spec/controllers/proficient_projects_controller_spec.rb:0.0274508
./spec/controllers/proficient_projects_controller_spec.rb:0.062952828
./spec/controllers/proficient_projects_controller_spec.rb:0.041205849
./spec/controllers/proficient_projects_controller_spec.rb:0.046539682
./spec/controllers/proficient_projects_controller_spec.rb:0.0654374
./spec/controllers/proficient_projects_controller_spec.rb:0.165351291
./spec/controllers/proficient_projects_controller_spec.rb:0.039053225
./spec/controllers/proficient_projects_controller_spec.rb:0.040079683
./spec/controllers/proficient_projects_controller_spec.rb:0.071178427
./spec/controllers/proficient_projects_controller_spec.rb:0.128135705
./spec/controllers/proficient_projects_controller_spec.rb:3.119730434
./spec/controllers/proficient_projects_controller_spec.rb:0.110286464
./spec/controllers/proficient_projects_controller_spec.rb:0.117574056
./spec/controllers/proficient_projects_controller_spec.rb:0.649878073
./spec/controllers/proficient_projects_controller_spec.rb:0.086962081
./spec/controllers/proficient_projects_controller_spec.rb:0.105744674
./spec/controllers/project_kits_controller_spec.rb:0.042928098
./spec/controllers/project_kits_controller_spec.rb:0.026391264
./spec/controllers/project_kits_controller_spec.rb:0.028631565
./spec/controllers/project_kits_controller_spec.rb:0.025007271
./spec/controllers/project_kits_controller_spec.rb:0.071311059
./spec/controllers/project_kits_controller_spec.rb:0.064150732
./spec/controllers/project_kits_controller_spec.rb:0.061964099
./spec/controllers/project_kits_controller_spec.rb:0.05661451
./spec/controllers/project_kits_controller_spec.rb:0.032309447
./spec/controllers/project_kits_controller_spec.rb:0.058906404
./spec/controllers/project_kits_controller_spec.rb:0.022668152
./spec/controllers/project_kits_controller_spec.rb:0.023263896
./spec/controllers/project_proposals_controller_spec.rb:0.04039097
./spec/controllers/project_proposals_controller_spec.rb:0.048878999
./spec/controllers/project_proposals_controller_spec.rb:0.034360196
./spec/controllers/project_proposals_controller_spec.rb:0.039709895
./spec/controllers/project_proposals_controller_spec.rb:0.038403616
./spec/controllers/project_proposals_controller_spec.rb:0.032791685
./spec/controllers/project_proposals_controller_spec.rb:0.049702463
./spec/controllers/project_proposals_controller_spec.rb:0.135292165
./spec/controllers/project_proposals_controller_spec.rb:0.031568157
./spec/controllers/project_proposals_controller_spec.rb:0.049708281
./spec/controllers/project_proposals_controller_spec.rb:0.043254032
./spec/controllers/project_proposals_controller_spec.rb:0.139297066
./spec/controllers/project_proposals_controller_spec.rb:0.056790988
./spec/controllers/project_proposals_controller_spec.rb:0.040599822
./spec/controllers/project_proposals_controller_spec.rb:0.037602325
./spec/controllers/project_proposals_controller_spec.rb:0.038069165
./spec/controllers/project_proposals_controller_spec.rb:0.047491499
./spec/controllers/project_proposals_controller_spec.rb:0.046860091
./spec/controllers/project_proposals_controller_spec.rb:0.034150674
./spec/controllers/project_requirements_controller_spec.rb:0.052357306
./spec/controllers/project_requirements_controller_spec.rb:0.045388008
./spec/controllers/project_requirements_controller_spec.rb:0.051969468
./spec/controllers/project_requirements_controller_spec.rb:0.047448505
./spec/controllers/questions_controller_spec.rb:0.028805497
./spec/controllers/questions_controller_spec.rb:0.022594341
./spec/controllers/questions_controller_spec.rb:0.014278914
./spec/controllers/questions_controller_spec.rb:0.015296045
./spec/controllers/questions_controller_spec.rb:0.015767441
./spec/controllers/questions_controller_spec.rb:0.072891499
./spec/controllers/questions_controller_spec.rb:0.016846261
./spec/controllers/questions_controller_spec.rb:0.04211026
./spec/controllers/quick_access_links_controller_spec.rb:0.035071217
./spec/controllers/quick_access_links_controller_spec.rb:0.094369547
./spec/controllers/quick_access_links_controller_spec.rb:0.034669777
./spec/controllers/quick_access_links_controller_spec.rb:0.045726829
./spec/controllers/quick_access_links_controller_spec.rb:0.046465294
./spec/controllers/repositories_controller_spec.rb:0.059105156
./spec/controllers/repositories_controller_spec.rb:0.254899963
./spec/controllers/repositories_controller_spec.rb:0.037495681
./spec/controllers/repositories_controller_spec.rb:0.119786832
./spec/controllers/repositories_controller_spec.rb:0.025358854
./spec/controllers/repositories_controller_spec.rb:0.037568661
./spec/controllers/repositories_controller_spec.rb:0.044301619
./spec/controllers/repositories_controller_spec.rb:0.060661631
./spec/controllers/repositories_controller_spec.rb:0.13519857
./spec/controllers/repositories_controller_spec.rb:0.061707799
./spec/controllers/repositories_controller_spec.rb:0.048143496
./spec/controllers/repositories_controller_spec.rb:0.038618043
./spec/controllers/repositories_controller_spec.rb:0.203685712
./spec/controllers/repositories_controller_spec.rb:0.070739888
./spec/controllers/repositories_controller_spec.rb:0.0873681
./spec/controllers/repositories_controller_spec.rb:0.090028486
./spec/controllers/repositories_controller_spec.rb:0.112953398
./spec/controllers/repositories_controller_spec.rb:0.05066233
./spec/controllers/repositories_controller_spec.rb:0.284323173
./spec/controllers/repositories_controller_spec.rb:0.295179759
./spec/controllers/repositories_controller_spec.rb:0.120954822
./spec/controllers/repositories_controller_spec.rb:0.108376369
./spec/controllers/repositories_controller_spec.rb:0.073643004
./spec/controllers/repositories_controller_spec.rb:0.111290707
./spec/controllers/repositories_controller_spec.rb:0.092872561
./spec/controllers/repositories_controller_spec.rb:0.064806851
./spec/controllers/repositories_controller_spec.rb:0.058153816
./spec/controllers/repositories_controller_spec.rb:0.06832589
./spec/controllers/require_training_controller_spec.rb:0.597191045
./spec/controllers/require_training_controller_spec.rb:0.575758602
./spec/controllers/require_training_controller_spec.rb:0.615020059
./spec/controllers/require_training_controller_spec.rb:0.574295615
./spec/controllers/require_training_controller_spec.rb:0.564611048
./spec/controllers/require_training_controller_spec.rb:0.666916055
./spec/controllers/rfid_controller_spec.rb:0.567372076
./spec/controllers/rfid_controller_spec.rb:0.577814603
./spec/controllers/rfid_controller_spec.rb:0.593398519
./spec/controllers/rfid_controller_spec.rb:0.547194592
./spec/controllers/rfid_controller_spec.rb:0.539795145
./spec/controllers/rfid_controller_spec.rb:0.670828392
./spec/controllers/rfid_controller_spec.rb:0.595719651
./spec/controllers/rfid_controller_spec.rb:0.579305297
./spec/controllers/rfid_controller_spec.rb:0.055510276
./spec/controllers/rfid_controller_spec.rb:0.035432679
./spec/controllers/rfid_controller_spec.rb:0.073508818
./spec/controllers/search_controller_spec.rb:0.01359015
./spec/controllers/search_controller_spec.rb:0.011618265
./spec/controllers/search_controller_spec.rb:0.013980841
./spec/controllers/search_controller_spec.rb:0.012076846
./spec/controllers/search_controller_spec.rb:0.009742954
./spec/controllers/search_controller_spec.rb:0.010423105
./spec/controllers/search_controller_spec.rb:0.028055759
./spec/controllers/search_controller_spec.rb:0.028833829
./spec/controllers/search_controller_spec.rb:0.028329966
./spec/controllers/search_controller_spec.rb:0.025785091
./spec/controllers/search_controller_spec.rb:0.026717734
./spec/controllers/search_controller_spec.rb:0.027015732
./spec/controllers/search_controller_spec.rb:0.027650829
./spec/controllers/search_controller_spec.rb:0.027278768
./spec/controllers/search_controller_spec.rb:0.02578483
./spec/controllers/search_controller_spec.rb:0.025142409
./spec/controllers/search_controller_spec.rb:0.025174597
./spec/controllers/search_controller_spec.rb:0.025815103
./spec/controllers/search_controller_spec.rb:0.026508792
./spec/controllers/search_controller_spec.rb:0.02332277
./spec/controllers/search_controller_spec.rb:0.026144011
./spec/controllers/search_controller_spec.rb:0.030658677
./spec/controllers/search_controller_spec.rb:0.02340486
./spec/controllers/search_controller_spec.rb:0.034930982
./spec/controllers/search_controller_spec.rb:0.031178126
./spec/controllers/search_controller_spec.rb:0.018881385
./spec/controllers/sessions_controller_spec.rb:0.244983006
./spec/controllers/sessions_controller_spec.rb:0.269567713
./spec/controllers/sessions_controller_spec.rb:0.239887182
./spec/controllers/sessions_controller_spec.rb:0.005182973
./spec/controllers/sessions_controller_spec.rb:0.010263723
./spec/controllers/sessions_controller_spec.rb:0.027662778
./spec/controllers/sessions_controller_spec.rb:0.004520364
./spec/controllers/settings_controller_spec.rb:0.007290937
./spec/controllers/settings_controller_spec.rb:0.017638957
./spec/controllers/settings_controller_spec.rb:0.026562268
./spec/controllers/settings_controller_spec.rb:0.014772783
./spec/controllers/staff/makerstore_links_controller_spec.rb:0.038157897
./spec/controllers/staff/makerstore_links_controller_spec.rb:0.019787013
./spec/controllers/staff/makerstore_links_controller_spec.rb:0.229435365
./spec/controllers/staff/makerstore_links_controller_spec.rb:0.033637099
./spec/controllers/staff/makerstore_links_controller_spec.rb:0.046725223
./spec/controllers/staff/makerstore_links_controller_spec.rb:0.074860561
./spec/controllers/staff/proficient_project_sessions_controller_spec.rb:0.569911557
./spec/controllers/staff/proficient_project_sessions_controller_spec.rb:0.607974845
./spec/controllers/staff/proficient_project_sessions_controller_spec.rb:0.582839556
./spec/controllers/staff/proficient_project_sessions_controller_spec.rb:0.579995585
./spec/controllers/staff/training_sessions_controller_spec.rb:0.014059208
./spec/controllers/staff/training_sessions_controller_spec.rb:0.021405896
./spec/controllers/staff/training_sessions_controller_spec.rb:0.014368166
./spec/controllers/staff/training_sessions_controller_spec.rb:1.149127682
./spec/controllers/staff/training_sessions_controller_spec.rb:0.027804039
./spec/controllers/staff/training_sessions_controller_spec.rb:0.530265861
./spec/controllers/staff/training_sessions_controller_spec.rb:0.647465726
./spec/controllers/staff/training_sessions_controller_spec.rb:0.651838282
./spec/controllers/staff/training_sessions_controller_spec.rb:0.553891425
./spec/controllers/staff/training_sessions_controller_spec.rb:0.017887827
./spec/controllers/staff/training_sessions_controller_spec.rb:0.024354537
./spec/controllers/staff_controller_spec.rb:0.042445224
./spec/controllers/staff_controller_spec.rb:0.016063125
./spec/controllers/staff_dashboard_controller_spec.rb:0.020779479
./spec/controllers/staff_dashboard_controller_spec.rb:0.014384499
./spec/controllers/staff_dashboard_controller_spec.rb:0.013146683
./spec/controllers/staff_dashboard_controller_spec.rb:0.09706652
./spec/controllers/staff_dashboard_controller_spec.rb:0.049145966
./spec/controllers/staff_dashboard_controller_spec.rb:0.031349793
./spec/controllers/staff_dashboard_controller_spec.rb:0.083385472
./spec/controllers/staff_dashboard_controller_spec.rb:0.520781346
./spec/controllers/staff_dashboard_controller_spec.rb:0.02655641
./spec/controllers/staff_dashboard_controller_spec.rb:0.02867726
./spec/controllers/staff_dashboard_controller_spec.rb:0.025179434
./spec/controllers/staff_dashboard_controller_spec.rb:0.038251059
./spec/controllers/staff_dashboard_controller_spec.rb:0.021551198
./spec/controllers/static_pages_controller_spec.rb:1.532741994
./spec/controllers/static_pages_controller_spec.rb:0.030064442
./spec/controllers/static_pages_controller_spec.rb:0.021042052
./spec/controllers/static_pages_controller_spec.rb:0.015917277
./spec/controllers/static_pages_controller_spec.rb:0.014807988
./spec/controllers/static_pages_controller_spec.rb:0.015539899
./spec/controllers/static_pages_controller_spec.rb:0.014546303
./spec/controllers/static_pages_controller_spec.rb:0.013647634
./spec/controllers/static_pages_controller_spec.rb:0.012283253
./spec/controllers/static_pages_controller_spec.rb:0.035737262
./spec/controllers/static_pages_controller_spec.rb:0.018306849
./spec/controllers/static_pages_controller_spec.rb:0.013402123
./spec/controllers/subspace_bookings_controller_spec.rb:0.701104248
./spec/controllers/subspace_bookings_controller_spec.rb:0.594537366
./spec/controllers/subspace_bookings_controller_spec.rb:1.126602382
./spec/controllers/subspace_bookings_controller_spec.rb:0.649804924
./spec/controllers/subspace_bookings_controller_spec.rb:0.632021156
./spec/controllers/subspace_bookings_controller_spec.rb:0.553912263
./spec/controllers/subspace_bookings_controller_spec.rb:0.699179205
./spec/controllers/subspace_bookings_controller_spec.rb:0.705830777
./spec/controllers/subspace_bookings_controller_spec.rb:0.562611028
./spec/controllers/subspace_bookings_controller_spec.rb:0.514651985
./spec/controllers/subspace_bookings_controller_spec.rb:0.509514475
./spec/controllers/subspace_bookings_controller_spec.rb:0.562200829
./spec/controllers/subspace_bookings_controller_spec.rb:0.538808495
./spec/controllers/subspace_bookings_controller_spec.rb:0.567268857
./spec/controllers/subspace_bookings_controller_spec.rb:0.57258655
./spec/controllers/subspace_bookings_controller_spec.rb:0.589898741
./spec/controllers/subspace_bookings_controller_spec.rb:0.619313441
./spec/controllers/subspace_bookings_controller_spec.rb:0.632273989
./spec/controllers/subspace_bookings_controller_spec.rb:0.606103761
./spec/controllers/subspace_bookings_controller_spec.rb:0.643333535
./spec/controllers/subspace_bookings_controller_spec.rb:0.574306452
./spec/controllers/subspace_bookings_controller_spec.rb:0.552002192
./spec/controllers/users_controller_spec.rb:0.038465768
./spec/controllers/users_controller_spec.rb:0.006120698
./spec/controllers/users_controller_spec.rb:0.028287731
./spec/controllers/users_controller_spec.rb:0.042757789
./spec/controllers/users_controller_spec.rb:0.021033067
./spec/controllers/users_controller_spec.rb:0.047807537
./spec/controllers/users_controller_spec.rb:0.026589618
./spec/controllers/users_controller_spec.rb:0.049833263
./spec/controllers/users_controller_spec.rb:0.051428423
./spec/controllers/users_controller_spec.rb:0.02197017
./spec/controllers/users_controller_spec.rb:0.050601278
./spec/controllers/users_controller_spec.rb:0.032284116
./spec/controllers/users_controller_spec.rb:0.003593671
./spec/controllers/users_controller_spec.rb:0.030965233
./spec/controllers/users_controller_spec.rb:0.03123601
./spec/controllers/users_controller_spec.rb:0.021536743
./spec/controllers/users_controller_spec.rb:0.052588207
./spec/controllers/users_controller_spec.rb:0.025680525
./spec/controllers/users_controller_spec.rb:0.02952662
./spec/controllers/users_controller_spec.rb:0.034547718
./spec/controllers/users_controller_spec.rb:0.04650261
./spec/controllers/users_controller_spec.rb:0.029643622
./spec/controllers/users_controller_spec.rb:0.270722942
./spec/controllers/users_controller_spec.rb:0.243921106
./spec/controllers/users_controller_spec.rb:0.264435245
./spec/controllers/users_controller_spec.rb:0.03576453
./spec/controllers/users_controller_spec.rb:0.037458607
./spec/controllers/users_controller_spec.rb:0.021520948
./spec/controllers/users_controller_spec.rb:0.034923883
./spec/controllers/users_controller_spec.rb:0.04439684
./spec/controllers/users_controller_spec.rb:0.044625904
./spec/controllers/users_controller_spec.rb:0.049418924
./spec/controllers/users_controller_spec.rb:0.070737091
./spec/controllers/users_controller_spec.rb:0.079883033
./spec/controllers/users_controller_spec.rb:0.043256742
./spec/controllers/users_controller_spec.rb:0.04918507
./spec/controllers/users_controller_spec.rb:0.050701686
./spec/controllers/videos_controller_spec.rb:0.022832351
./spec/controllers/videos_controller_spec.rb:0.027244938
./spec/controllers/videos_controller_spec.rb:0.02292045
./spec/controllers/videos_controller_spec.rb:0.022808406
./spec/controllers/videos_controller_spec.rb:0.020957741
./spec/controllers/videos_controller_spec.rb:0.094104349
./spec/controllers/videos_controller_spec.rb:0.091415647
./spec/controllers/volunteer_hours_controller_spec.rb:2.035565825
./spec/controllers/volunteer_hours_controller_spec.rb:0.582999163
./spec/controllers/volunteer_hours_controller_spec.rb:0.522525413
./spec/controllers/volunteer_hours_controller_spec.rb:0.537573706
./spec/controllers/volunteer_hours_controller_spec.rb:0.52744852
./spec/controllers/volunteer_hours_controller_spec.rb:0.538645146
./spec/controllers/volunteer_hours_controller_spec.rb:0.575025485
./spec/controllers/volunteer_hours_controller_spec.rb:2.603049299
./spec/controllers/volunteer_hours_controller_spec.rb:0.59663563
./spec/controllers/volunteer_hours_controller_spec.rb:0.559137681
./spec/controllers/volunteer_hours_controller_spec.rb:2.633934491
./spec/controllers/volunteer_hours_controller_spec.rb:0.029042284
./spec/controllers/volunteer_task_joins_controller_spec.rb:0.596898457
./spec/controllers/volunteer_task_joins_controller_spec.rb:0.621187
./spec/controllers/volunteer_task_joins_controller_spec.rb:0.585591255
./spec/controllers/volunteer_task_joins_controller_spec.rb:0.645126962
./spec/controllers/volunteer_task_requests_spec.rb:2.982932855
./spec/controllers/volunteer_task_requests_spec.rb:2.742420626
./spec/controllers/volunteer_task_requests_spec.rb:0.566081722
./spec/controllers/volunteer_task_requests_spec.rb:0.633843338
./spec/controllers/volunteer_tasks_controller_spec.rb:0.026497078
./spec/controllers/volunteer_tasks_controller_spec.rb:0.592572418
./spec/controllers/volunteer_tasks_controller_spec.rb:0.029956333
./spec/controllers/volunteer_tasks_controller_spec.rb:0.56654258
./spec/controllers/volunteer_tasks_controller_spec.rb:0.027193091
./spec/controllers/volunteer_tasks_controller_spec.rb:0.049065589
./spec/controllers/volunteer_tasks_controller_spec.rb:0.075792782
./spec/controllers/volunteer_tasks_controller_spec.rb:0.574413145
./spec/controllers/volunteer_tasks_controller_spec.rb:0.635028036
./spec/controllers/volunteer_tasks_controller_spec.rb:0.647463942
./spec/controllers/volunteer_tasks_controller_spec.rb:0.570958523
./spec/controllers/volunteer_tasks_controller_spec.rb:0.580733869
./spec/controllers/volunteer_tasks_controller_spec.rb:0.537463429
./spec/controllers/volunteer_tasks_controller_spec.rb:0.542963772
./spec/controllers/volunteers_controller_spec.rb:0.006742207
./spec/controllers/volunteers_controller_spec.rb:0.043666648
./spec/controllers/volunteers_controller_spec.rb:0.026610467
./spec/controllers/volunteers_controller_spec.rb:0.036369998
./spec/controllers/volunteers_controller_spec.rb:0.030671881
./spec/controllers/volunteers_controller_spec.rb:0.034074099
./spec/controllers/volunteers_controller_spec.rb:0.024245058
./spec/controllers/volunteers_controller_spec.rb:0.559923877
./spec/controllers/volunteers_controller_spec.rb:0.030966416
./spec/controllers/volunteers_controller_spec.rb:0.023534477
./spec/controllers/volunteers_controller_spec.rb:0.027967274
./spec/controllers/volunteers_controller_spec.rb:0.02133039
./spec/controllers/volunteers_controller_spec.rb:0.044522617
./spec/controllers/volunteers_controller_spec.rb:0.024265707
./spec/controllers/volunteers_controller_spec.rb:0.029323537
./spec/controllers/volunteers_controller_spec.rb:0.023472452
./spec/controllers/volunteers_controller_spec.rb:0.080140223
./spec/controllers/volunteers_controller_spec.rb:0.07132177
./spec/controllers/volunteers_controller_spec.rb:0.019506248
./spec/controllers/volunteers_controller_spec.rb:0.032428959
./spec/controllers/volunteers_controller_spec.rb:1.041264889
./spec/controllers/walk_in_safety_sheets_controller_spec.rb:0.006597888
./spec/controllers/walk_in_safety_sheets_controller_spec.rb:0.045944562
./spec/controllers/walk_in_safety_sheets_controller_spec.rb:0.580966922
./spec/controllers/walk_in_safety_sheets_controller_spec.rb:0.046526375
./spec/controllers/walk_in_safety_sheets_controller_spec.rb:0.037248863
./spec/controllers/walk_in_safety_sheets_controller_spec.rb:0.03771472
./spec/controllers/walk_in_safety_sheets_controller_spec.rb:0.050329
./spec/controllers/walk_in_safety_sheets_controller_spec.rb:0.580195949
./spec/controllers/walk_in_safety_sheets_controller_spec.rb:0.596150508
./spec/controllers/walk_in_safety_sheets_controller_spec.rb:0.684829986
./spec/helpers/proficient_project_session_helper_spec.rb:0.000017238
./spec/jobs/chat_notification_job_spec.rb:0.000003087
./spec/mailers/chat_message_mailer_spec.rb:0.090314919
./spec/mailers/chat_message_mailer_spec.rb:0.065294445
./spec/mailers/chat_message_mailer_spec.rb:0.078239859
./spec/mailers/chat_message_mailer_spec.rb:0.025441835
./spec/mailers/chat_message_mailer_spec.rb:0.068324235
./spec/models/announcement_spec.rb:0.001175436
./spec/models/announcement_spec.rb:0.007556001
./spec/models/announcement_spec.rb:0.005880678
./spec/models/announcement_spec.rb:0.005490419
./spec/models/announcement_spec.rb:0.005097429
./spec/models/announcement_spec.rb:0.004335656
./spec/models/answer_spec.rb:0.030628608
./spec/models/answer_spec.rb:0.0272293
./spec/models/answer_spec.rb:0.0010133779999999999
./spec/models/answer_spec.rb:0.000693
./spec/models/answer_spec.rb:0.006232329
./spec/models/area_option_spec.rb:0.003429606
./spec/models/area_option_spec.rb:0.015428959
./spec/models/category_option_spec.rb:0.001550084
./spec/models/category_option_spec.rb:0.00295654
./spec/models/category_option_spec.rb:0.014667016
./spec/models/category_spec.rb:0.001178841
./spec/models/category_spec.rb:0.000777557
./spec/models/category_spec.rb:0.000510441
./spec/models/cc_money_spec.rb:0.000450991
./spec/models/cc_money_spec.rb:0.000398143
./spec/models/cc_money_spec.rb:0.000411227
./spec/models/cc_money_spec.rb:0.000345254
./spec/models/cc_money_spec.rb:0.000891266
./spec/models/cc_money_spec.rb:0.536046973
./spec/models/cc_money_spec.rb:0.024931655
./spec/models/cc_money_spec.rb:0.023878007
./spec/models/certification_spec.rb:0.000952641
./spec/models/certification_spec.rb:0.000662359
./spec/models/certification_spec.rb:0.000915146
./spec/models/certification_spec.rb:0.000469523
./spec/models/certification_spec.rb:0.002903446
./spec/models/certification_spec.rb:1.660162921
./spec/models/certification_spec.rb:2.826052519
./spec/models/certification_spec.rb:2.958101049
./spec/models/certification_spec.rb:3.857877252
./spec/models/certification_spec.rb:0.570692258
./spec/models/certification_spec.rb:0.579560373
./spec/models/certification_spec.rb:0.577073744
./spec/models/certification_spec.rb:0.561432501
./spec/models/certification_spec.rb:0.570126886
./spec/models/certification_spec.rb:1.061867775
./spec/models/comment_spec.rb:0.000857147
./spec/models/comment_spec.rb:0.000548706
./spec/models/comment_spec.rb:0.000407333
./spec/models/comment_spec.rb:0.101195744
./spec/models/comment_spec.rb:0.003054141
./spec/models/comment_spec.rb:0.002518868
./spec/models/comment_spec.rb:0.002025816
./spec/models/contact_info_spec.rb:0.000463731
./spec/models/course_name_spec.rb:0.001956518
./spec/models/course_name_spec.rb:0.007185579
./spec/models/course_name_spec.rb:0.014745772
./spec/models/discount_code_spec.rb:0.001003189
./spec/models/discount_code_spec.rb:0.000784441
./spec/models/discount_code_spec.rb:0.000540321
./spec/models/discount_code_spec.rb:0.086345511
./spec/models/discount_code_spec.rb:0.003205019
./spec/models/discount_code_spec.rb:0.00312003
./spec/models/discount_code_spec.rb:0.007467572
./spec/models/discount_code_spec.rb:0.006242541
./spec/models/discount_code_spec.rb:0.007493312
./spec/models/discount_code_spec.rb:0.03584006
./spec/models/discount_code_spec.rb:0.005483071
./spec/models/discount_code_spec.rb:0.028789221
./spec/models/discount_code_spec.rb:0.027480905
./spec/models/discount_code_spec.rb:0.382528498
./spec/models/drop_off_location_spec.rb:0.002532501
./spec/models/equipment_option_spec.rb:0.007994723
./spec/models/equipment_option_spec.rb:0.035711575
./spec/models/equipment_spec.rb:0.001978588
./spec/models/exam_question_spec.rb:0.001656348
./spec/models/exam_question_spec.rb:0.001277406
./spec/models/exam_question_spec.rb:0.001092961
./spec/models/exam_question_spec.rb:0.00106447
./spec/models/exam_question_spec.rb:0.01425192
./spec/models/exam_response_spec.rb:0.001070551
./spec/models/exam_response_spec.rb:0.000825762
./spec/models/exam_response_spec.rb:0.000652576
./spec/models/exam_response_spec.rb:0.00048903
./spec/models/exam_spec.rb:0.000471078
./spec/models/exam_spec.rb:0.000377258
./spec/models/exam_spec.rb:0.000350583
./spec/models/exam_spec.rb:0.790886955
./spec/models/exam_spec.rb:0.00077797
./spec/models/exam_spec.rb:0.000507174
./spec/models/exam_spec.rb:0.000424307
./spec/models/exam_spec.rb:0.000295678
./spec/models/exam_spec.rb:0.000280993
./spec/models/exam_spec.rb:0.000234902
./spec/models/exam_spec.rb:0.000538046
./spec/models/exam_spec.rb:0.000235745
./spec/models/exam_spec.rb:0.787411592
./spec/models/exam_spec.rb:0.63502759
./spec/models/exam_spec.rb:0.55565832
./spec/models/faq_spec.rb:0.000011942
./spec/models/job_option_spec.rb:0.000937848
./spec/models/job_option_spec.rb:0.000682424
./spec/models/job_option_spec.rb:0.005094334
./spec/models/job_option_spec.rb:0.008147102
./spec/models/job_option_spec.rb:0.009974847
./spec/models/job_option_spec.rb:0.005884103
./spec/models/job_order_message_spec.rb:0.005201469
./spec/models/job_order_message_spec.rb:0.012633428
./spec/models/job_order_message_spec.rb:0.005291505
./spec/models/job_order_spec.rb:0.000717729
./spec/models/job_order_spec.rb:0.000879328
./spec/models/job_order_spec.rb:0.000390827
./spec/models/job_order_status_spec.rb:0.002846494
./spec/models/job_order_status_spec.rb:0.000471486
./spec/models/job_service_group_spec.rb:0.000665468
./spec/models/job_service_group_spec.rb:0.000480958
./spec/models/job_service_group_spec.rb:0.008121696
./spec/models/job_service_group_spec.rb:0.013828736
./spec/models/job_service_group_spec.rb:0.006569204
./spec/models/job_service_spec.rb:0.000881131
./spec/models/job_service_spec.rb:0.004833775
./spec/models/job_service_spec.rb:0.005312636
./spec/models/job_service_spec.rb:0.001219936
./spec/models/job_service_spec.rb:0.001041285
./spec/models/job_status_spec.rb:0.010654385
./spec/models/job_status_spec.rb:0.008877795
./spec/models/job_status_spec.rb:0.011297938
./spec/models/job_task_quote_option_spec.rb:0.01004612
./spec/models/job_task_quote_option_spec.rb:0.000869214
./spec/models/job_task_quote_spec.rb:0.004607328
./spec/models/job_task_quote_spec.rb:0.000566966
./spec/models/job_task_spec.rb:0.002298946
./spec/models/job_task_spec.rb:0.001303675
./spec/models/job_task_spec.rb:0.001172473
./spec/models/job_task_spec.rb:0.000504118
./spec/models/job_task_spec.rb:0.000913513
./spec/models/job_task_spec.rb:0.000390008
./spec/models/job_task_spec.rb:0.000373796
./spec/models/job_task_spec.rb:0.000772926
./spec/models/job_task_spec.rb:0.000846146
./spec/models/job_task_spec.rb:0.000605529
./spec/models/job_type_spec.rb:0.000745572
./spec/models/job_type_spec.rb:0.000427107
./spec/models/job_type_spec.rb:0.005619655
./spec/models/job_type_spec.rb:0.008224301
./spec/models/job_type_spec.rb:0.010991343
./spec/models/key_certification_spec.rb:0.001004385
./spec/models/key_certification_spec.rb:0.005216164
./spec/models/key_certification_spec.rb:0.00098103
./spec/models/key_certification_spec.rb:0.031798752
./spec/models/key_certification_spec.rb:0.007074556
./spec/models/key_certification_spec.rb:0.000855901
./spec/models/key_certification_spec.rb:0.068136932
./spec/models/key_certification_spec.rb:0.213052559
./spec/models/key_certification_spec.rb:0.170648386
./spec/models/key_certification_spec.rb:0.057574258
./spec/models/key_request_spec.rb:0.001048234
./spec/models/key_request_spec.rb:0.000696431
./spec/models/key_request_spec.rb:0.000466347
./spec/models/key_request_spec.rb:0.006887353
./spec/models/key_request_spec.rb:0.005929477
./spec/models/key_request_spec.rb:0.0060034
./spec/models/key_request_spec.rb:0.005046467
./spec/models/key_request_spec.rb:0.006202557
./spec/models/key_request_spec.rb:0.005617289
./spec/models/key_request_spec.rb:0.007175665
./spec/models/key_spec.rb:0.000744658
./spec/models/key_spec.rb:0.000592959
./spec/models/key_spec.rb:0.000496449
./spec/models/key_spec.rb:0.000459639
./spec/models/key_spec.rb:0.008374598
./spec/models/key_spec.rb:0.004530229
./spec/models/key_spec.rb:0.004813571
./spec/models/key_spec.rb:0.003976041
./spec/models/key_spec.rb:0.002497395
./spec/models/key_spec.rb:0.000774371
./spec/models/key_spec.rb:0.016158481
./spec/models/key_spec.rb:0.015882139
./spec/models/key_spec.rb:0.019886034
./spec/models/key_spec.rb:0.000524936
./spec/models/key_spec.rb:0.008440205
./spec/models/key_transaction_spec.rb:0.000688982
./spec/models/key_transaction_spec.rb:0.000486988
./spec/models/key_transaction_spec.rb:0.010226958
./spec/models/key_transaction_spec.rb:0.004604147
./spec/models/key_transaction_spec.rb:0.008974351
./spec/models/key_transaction_spec.rb:0.006128348
./spec/models/key_transaction_spec.rb:0.00715516
./spec/models/key_transaction_spec.rb:0.007544452
./spec/models/key_transaction_spec.rb:0.003067941
./spec/models/key_transaction_spec.rb:0.003151925
./spec/models/key_transaction_spec.rb:0.002808638
./spec/models/lab_session_spec.rb:0.000731046
./spec/models/lab_session_spec.rb:0.00051718
./spec/models/lab_session_spec.rb:1.730602125
./spec/models/lab_session_spec.rb:1.052789487
./spec/models/learning_module_spec.rb:0.000785327
./spec/models/learning_module_spec.rb:0.000509361
./spec/models/learning_module_spec.rb:0.000441943
./spec/models/learning_module_spec.rb:0.001227635
./spec/models/learning_module_spec.rb:0.010141796
./spec/models/learning_module_spec.rb:0.018288319
./spec/models/learning_module_spec.rb:0.074825821
./spec/models/learning_module_spec.rb:0.001913518
./spec/models/learning_module_spec.rb:0.028025111
./spec/models/learning_module_spec.rb:0.07876901
./spec/models/learning_module_spec.rb:0.084578603
./spec/models/learning_module_spec.rb:0.078831187
./spec/models/learning_module_spec.rb:0.000555599
./spec/models/learning_module_spec.rb:0.000300279
./spec/models/learning_module_spec.rb:0.000451972
./spec/models/learning_module_spec.rb:0.000260868
./spec/models/learning_module_track_spec.rb:0.000585947
./spec/models/learning_module_track_spec.rb:0.000461297
./spec/models/learning_module_track_spec.rb:0.122807231
./spec/models/like_spec.rb:0.001049134
./spec/models/like_spec.rb:0.000599358
./spec/models/like_spec.rb:0.024452802
./spec/models/like_spec.rb:0.005441693
./spec/models/like_spec.rb:0.025026766
./spec/models/like_spec.rb:0.035251621
./spec/models/locker_rental_spec.rb:0.000018592
./spec/models/opening_hour_spec.rb:0.000860533
./spec/models/opening_hour_spec.rb:0.000436645
./spec/models/order_item_spec.rb:0.000510948
./spec/models/order_item_spec.rb:0.000574548
./spec/models/order_item_spec.rb:0.003931663
./spec/models/order_item_spec.rb:0.005187347
./spec/models/order_item_spec.rb:0.002692663
./spec/models/order_item_spec.rb:0.00120914
./spec/models/order_item_spec.rb:0.002073918
./spec/models/order_item_spec.rb:0.001625437
./spec/models/order_item_spec.rb:0.02918311
./spec/models/order_spec.rb:0.001041228
./spec/models/order_spec.rb:0.001046905
./spec/models/order_spec.rb:0.000683137
./spec/models/order_spec.rb:0.000701902
./spec/models/order_spec.rb:0.000637901
./spec/models/order_spec.rb:0.009259657
./spec/models/order_spec.rb:0.027402142
./spec/models/order_spec.rb:0.033506247
./spec/models/order_spec.rb:0.013451654
./spec/models/order_spec.rb:0.007507332
./spec/models/order_status_spec.rb:0.000776724
./spec/models/photo_spec.rb:0.000574216
./spec/models/photo_spec.rb:0.00071012
./spec/models/photo_spec.rb:0.000430369
./spec/models/photo_spec.rb:0.020853899
./spec/models/photo_spec.rb:0.003425545
./spec/models/pi_reader_spec.rb:0.002430937
./spec/models/pi_reader_spec.rb:0.506352193
./spec/models/popular_hour_spec.rb:0.000759503
./spec/models/popular_hour_spec.rb:0.005403699
./spec/models/popular_hour_spec.rb:0.003546435
./spec/models/popular_hour_spec.rb:4.222361404
./spec/models/price_rule_spec.rb:0.000779035
./spec/models/price_rule_spec.rb:0.078387835
./spec/models/price_rule_spec.rb:0.003780947
./spec/models/price_rule_spec.rb:0.002693476
./spec/models/price_rule_spec.rb:0.002304722
./spec/models/price_rule_spec.rb:0.001955343
./spec/models/price_rule_spec.rb:0.001724868
./spec/models/price_rule_spec.rb:0.638560094
./spec/models/price_rule_spec.rb:0.731050255
./spec/models/price_rule_spec.rb:0.008559542
./spec/models/price_rule_spec.rb:0.029984799
./spec/models/print_order_spec.rb:0.038083735
./spec/models/print_order_spec.rb:0.006411573
./spec/models/print_order_spec.rb:0.007285323
./spec/models/print_order_spec.rb:0.005276058
./spec/models/print_order_spec.rb:0.018526819
./spec/models/print_order_spec.rb:0.011403402
./spec/models/print_order_spec.rb:0.012647167
./spec/models/print_order_spec.rb:0.073149354
./spec/models/printer_issue_spec.rb:0.000009934
./spec/models/printer_session_spec.rb:0.001502432
./spec/models/printer_session_spec.rb:0.000856598
./spec/models/printer_spec.rb:0.007282524
./spec/models/printer_spec.rb:0.024718846
./spec/models/printer_spec.rb:0.037083121
./spec/models/printer_spec.rb:0.034599461
./spec/models/proficient_project_session_spec.rb:0.000015173
./spec/models/proficient_project_spec.rb:0.0015443
./spec/models/proficient_project_spec.rb:0.001026599
./spec/models/proficient_project_spec.rb:0.000801351
./spec/models/proficient_project_spec.rb:0.000538931
./spec/models/proficient_project_spec.rb:0.000595584
./spec/models/proficient_project_spec.rb:0.001759419
./spec/models/proficient_project_spec.rb:0.00087961
./spec/models/proficient_project_spec.rb:0.000967582
./spec/models/proficient_project_spec.rb:0.000972937
./spec/models/proficient_project_spec.rb:0.000534855
./spec/models/proficient_project_spec.rb:0.156168489
./spec/models/proficient_project_spec.rb:0.001187348
./spec/models/proficient_project_spec.rb:0.00055009
./spec/models/proficient_project_spec.rb:0.006880029
./spec/models/proficient_project_spec.rb:0.012355458
./spec/models/proficient_project_spec.rb:0.017064525
./spec/models/proficient_project_spec.rb:0.091287626
./spec/models/proficient_project_spec.rb:0.002762714
./spec/models/proficient_project_spec.rb:0.176481342
./spec/models/proficient_project_spec.rb:0.216240493
./spec/models/proficient_project_spec.rb:0.146751558
./spec/models/proficient_project_spec.rb:0.070833242
./spec/models/proficient_project_spec.rb:0.052986361
./spec/models/proficient_project_spec.rb:0.000873571
./spec/models/proficient_project_spec.rb:0.000541271
./spec/models/proficient_project_spec.rb:0.000525094
./spec/models/proficient_project_spec.rb:0.000397754
./spec/models/program_spec.rb:0.001029834
./spec/models/program_spec.rb:0.00690346
./spec/models/program_spec.rb:0.046605152
./spec/models/program_spec.rb:0.010106085
./spec/models/project_join_spec.rb:0.001088489
./spec/models/project_join_spec.rb:0.000562814
./spec/models/project_join_spec.rb:0.018845462
./spec/models/project_kit_spec.rb:0.001284104
./spec/models/project_kit_spec.rb:0.000807381
./spec/models/project_proposal_spec.rb:0.000964834
./spec/models/project_proposal_spec.rb:0.000574531
./spec/models/project_proposal_spec.rb:0.000457425
./spec/models/project_proposal_spec.rb:0.000458479
./spec/models/project_proposal_spec.rb:0.001011888
./spec/models/project_proposal_spec.rb:0.004275476
./spec/models/project_proposal_spec.rb:0.006204156
./spec/models/project_proposal_spec.rb:0.032946294
./spec/models/project_proposal_spec.rb:0.039457208
./spec/models/project_proposal_spec.rb:0.029643163
./spec/models/project_proposal_spec.rb:0.007600694
./spec/models/project_proposal_spec.rb:0.004493445
./spec/models/project_proposal_spec.rb:0.003419413
./spec/models/project_proposal_spec.rb:0.00452043
./spec/models/project_requirement_spec.rb:0.000916389
./spec/models/project_requirement_spec.rb:0.000526954
./spec/models/project_requirement_spec.rb:0.016885434
./spec/models/question_spec.rb:0.00077824
./spec/models/question_spec.rb:0.005938613
./spec/models/question_spec.rb:0.000815057
./spec/models/question_spec.rb:0.000643335
./spec/models/question_spec.rb:0.00044308
./spec/models/question_spec.rb:0.214057393
./spec/models/question_spec.rb:0.00172421
./spec/models/question_spec.rb:0.001184189
./spec/models/question_spec.rb:0.064082607
./spec/models/question_spec.rb:0.007053339
./spec/models/question_spec.rb:4.253416364
./spec/models/repo_file_spec.rb:0.001647129
./spec/models/repo_file_spec.rb:0.000787677
./spec/models/repo_file_spec.rb:0.000574909
./spec/models/repo_file_spec.rb:0.094215004
./spec/models/repo_file_spec.rb:0.005572018
./spec/models/repo_file_spec.rb:0.00492707
./spec/models/repository_spec.rb:0.001082572
./spec/models/repository_spec.rb:0.000702514
./spec/models/repository_spec.rb:0.000518271
./spec/models/repository_spec.rb:0.000454494
./spec/models/repository_spec.rb:0.000408179
./spec/models/repository_spec.rb:0.000373285
./spec/models/repository_spec.rb:0.000394922
./spec/models/repository_spec.rb:0.000558049
./spec/models/repository_spec.rb:0.000498675
./spec/models/repository_spec.rb:0.008292252
./spec/models/repository_spec.rb:0.021374943
./spec/models/repository_spec.rb:0.006248294
./spec/models/repository_spec.rb:0.012930537
./spec/models/repository_spec.rb:0.019093077
./spec/models/repository_spec.rb:0.004693706
./spec/models/repository_spec.rb:0.006344604
./spec/models/repository_spec.rb:0.010423109
./spec/models/repository_spec.rb:0.009431703
./spec/models/repository_spec.rb:0.010735527
./spec/models/repository_spec.rb:0.008830911
./spec/models/repository_spec.rb:0.011364418
./spec/models/repository_spec.rb:0.007860012
./spec/models/repository_spec.rb:0.048603634
./spec/models/repository_spec.rb:0.008628836
./spec/models/repository_spec.rb:0.008126473
./spec/models/repository_spec.rb:0.008056536
./spec/models/repository_spec.rb:0.012123864
./spec/models/repository_spec.rb:0.253372379
./spec/models/repository_spec.rb:0.257159969
./spec/models/repository_spec.rb:0.018505568
./spec/models/require_training_spec.rb:0.00120398
./spec/models/require_training_spec.rb:0.00074565
./spec/models/require_training_spec.rb:0.003874864
./spec/models/rfid_spec.rb:0.00086171
./spec/models/rfid_spec.rb:0.010410358
./spec/models/rfid_spec.rb:0.013249447
./spec/models/rfid_spec.rb:0.06112722
./spec/models/shadowing_hour_spec.rb:0.007324431
./spec/models/shadowing_hour_spec.rb:0.001364344
./spec/models/shift_spec.rb:0.007299487
./spec/models/shift_spec.rb:0.009214249
./spec/models/shift_spec.rb:0.00491856
./spec/models/shift_spec.rb:0.003847288
./spec/models/shift_spec.rb:1.010600131
./spec/models/shift_spec.rb:0.86348325
./spec/models/shift_spec.rb:1.021552733
./spec/models/shift_spec.rb:1.046144773
./spec/models/space_spec.rb:0.006184107
./spec/models/space_spec.rb:0.000752147
./spec/models/space_spec.rb:0.000476808
./spec/models/space_spec.rb:0.00057046
./spec/models/space_spec.rb:0.000381841
./spec/models/space_spec.rb:0.000461686
./spec/models/space_spec.rb:0.000392062
./spec/models/space_spec.rb:0.000369737
./spec/models/space_spec.rb:0.000467063
./spec/models/space_spec.rb:0.000622494
./spec/models/space_spec.rb:0.000701287
./spec/models/space_spec.rb:0.009681888
./spec/models/space_spec.rb:0.007663088
./spec/models/space_spec.rb:0.853617933
./spec/models/space_spec.rb:1.177235844
./spec/models/space_spec.rb:0.929962766
./spec/models/space_spec.rb:0.884916393
./spec/models/space_spec.rb:1.007355944
./spec/models/space_spec.rb:0.812246711
./spec/models/space_spec.rb:1.071370912
./spec/models/space_staff_hour_spec.rb:0.009743668
./spec/models/space_staff_hour_spec.rb:0.004977548
./spec/models/space_staff_hour_spec.rb:0.003072104
./spec/models/space_staff_hour_spec.rb:0.003870912
./spec/models/space_staff_hour_spec.rb:0.956269692
./spec/models/staff_availability_spec.rb:0.014443506
./spec/models/staff_availability_spec.rb:0.00094889
./spec/models/staff_availability_spec.rb:0.011899521
./spec/models/staff_availability_spec.rb:0.006105934
./spec/models/staff_availability_spec.rb:0.004938994
./spec/models/staff_availability_spec.rb:0.036554466
./spec/models/staff_external_unavailability_spec.rb:0.000011427
./spec/models/staff_needed_calendar_spec.rb:0.001281749
./spec/models/staff_space_spec.rb:0.000929691
./spec/models/staff_space_spec.rb:0.000595059
./spec/models/time_period_spec.rb:0.001149207
./spec/models/training_requirement_spec.rb:0.000677392
./spec/models/training_requirement_spec.rb:0.000594344
./spec/models/training_session_spec.rb:0.006793601
./spec/models/training_session_spec.rb:0.001017355
./spec/models/training_session_spec.rb:0.000632213
./spec/models/training_session_spec.rb:0.000765915
./spec/models/training_session_spec.rb:0.000302791
./spec/models/training_session_spec.rb:0.000868142
./spec/models/training_session_spec.rb:0.000765137
./spec/models/training_session_spec.rb:1.0342120909999999
./spec/models/training_session_spec.rb:1.040320847
./spec/models/training_session_spec.rb:0.945921388
./spec/models/training_session_spec.rb:0.983229553
./spec/models/training_session_spec.rb:5.428700834
./spec/models/training_session_spec.rb:3.71461988
./spec/models/training_session_spec.rb:3.114347608
./spec/models/training_session_spec.rb:3.511000275
./spec/models/training_session_spec.rb:2.943049042
./spec/models/training_session_spec.rb:3.001737465
./spec/models/training_session_spec.rb:2.715987355
./spec/models/training_session_spec.rb:2.553861819
./spec/models/training_spec.rb:0.007052841
./spec/models/training_spec.rb:0.006428379
./spec/models/training_spec.rb:0.000829517
./spec/models/training_spec.rb:0.000698068
./spec/models/training_spec.rb:0.000420951
./spec/models/training_spec.rb:0.000342264
./spec/models/training_spec.rb:5.36521219
./spec/models/training_spec.rb:3.629954453
./spec/models/training_spec.rb:0.066009212
./spec/models/training_spec.rb:0.01027313
./spec/models/training_spec.rb:0.013452397
./spec/models/training_spec.rb:0.011534417
./spec/models/uni_program_spec.rb:0.000007431
./spec/models/upvote_spec.rb:0.001085536
./spec/models/upvote_spec.rb:0.000589638
./spec/models/upvote_spec.rb:0.05482332
./spec/models/upvote_spec.rb:0.006500974
./spec/models/upvote_spec.rb:0.037562897
./spec/models/upvote_spec.rb:0.002343418
./spec/models/upvote_spec.rb:0.036280947
./spec/models/upvote_spec.rb:0.040405364
./spec/models/upvote_spec.rb:0.034620704
./spec/models/user_spec.rb:0.001295765
./spec/models/user_spec.rb:0.000750383
./spec/models/user_spec.rb:0.0005747
./spec/models/user_spec.rb:0.006334512
./spec/models/user_spec.rb:0.006055708
./spec/models/user_spec.rb:0.006097106
./spec/models/user_spec.rb:0.006472141
./spec/models/user_spec.rb:0.000931061
./spec/models/user_spec.rb:0.000670314
./spec/models/user_spec.rb:0.000545663
./spec/models/user_spec.rb:0.000438921
./spec/models/user_spec.rb:0.00046613
./spec/models/user_spec.rb:0.000412783
./spec/models/user_spec.rb:0.000401102
./spec/models/user_spec.rb:0.000582141
./spec/models/user_spec.rb:0.000503896
./spec/models/user_spec.rb:0.000456479
./spec/models/user_spec.rb:0.000613966
./spec/models/user_spec.rb:0.000423665
./spec/models/user_spec.rb:0.00045159
./spec/models/user_spec.rb:0.000541876
./spec/models/user_spec.rb:0.00041244
./spec/models/user_spec.rb:0.000450311
./spec/models/user_spec.rb:0.000441536
./spec/models/user_spec.rb:0.000408717
./spec/models/user_spec.rb:0.000451619
./spec/models/user_spec.rb:0.000410106
./spec/models/user_spec.rb:0.000526793
./spec/models/user_spec.rb:0.000443169
./spec/models/user_spec.rb:0.000401193
./spec/models/user_spec.rb:0.000425267
./spec/models/user_spec.rb:0.000467029
./spec/models/user_spec.rb:0.000410158
./spec/models/user_spec.rb:0.010800348
./spec/models/user_spec.rb:0.008458594
./spec/models/user_spec.rb:0.009701234
./spec/models/user_spec.rb:0.010995807
./spec/models/user_spec.rb:0.015135451
./spec/models/user_spec.rb:0.005941153
./spec/models/user_spec.rb:0.006564626
./spec/models/user_spec.rb:0.008965775
./spec/models/user_spec.rb:0.018255139
./spec/models/user_spec.rb:0.019450395
./spec/models/user_spec.rb:0.012784968
./spec/models/user_spec.rb:0.015623997
./spec/models/user_spec.rb:0.007580111
./spec/models/user_spec.rb:0.00476117
./spec/models/user_spec.rb:0.004269014
./spec/models/user_spec.rb:0.00641013
./spec/models/user_spec.rb:0.007783179
./spec/models/user_spec.rb:0.013626694
./spec/models/user_spec.rb:0.00447156
./spec/models/user_spec.rb:0.0129288
./spec/models/user_spec.rb:0.01132187
./spec/models/user_spec.rb:0.017921751
./spec/models/user_spec.rb:0.012496702
./spec/models/user_spec.rb:0.018548537
./spec/models/user_spec.rb:0.022789593
./spec/models/user_spec.rb:0.022291179
./spec/models/user_spec.rb:0.01619229
./spec/models/user_spec.rb:0.016004127
./spec/models/user_spec.rb:0.00688257
./spec/models/user_spec.rb:0.016581966
./spec/models/user_spec.rb:0.00797029
./spec/models/user_spec.rb:0.004068754
./spec/models/user_spec.rb:0.003330864
./spec/models/user_spec.rb:0.002787897
./spec/models/user_spec.rb:0.002876536
./spec/models/user_spec.rb:0.003284137
./spec/models/user_spec.rb:0.002967255
./spec/models/user_spec.rb:0.003730632
./spec/models/user_spec.rb:0.016001004
./spec/models/user_spec.rb:0.003295138
./spec/models/user_spec.rb:0.015661092
./spec/models/user_spec.rb:0.028220082
./spec/models/user_spec.rb:0.015589432
./spec/models/user_spec.rb:0.016569688
./spec/models/user_spec.rb:0.017195943
./spec/models/user_spec.rb:0.016843571
./spec/models/user_spec.rb:0.251586843
./spec/models/user_spec.rb:0.243531165
./spec/models/user_spec.rb:0.013429421
./spec/models/user_spec.rb:0.013248176
./spec/models/user_spec.rb:0.012837297
./spec/models/user_spec.rb:0.012634396
./spec/models/user_spec.rb:0.012351621
./spec/models/user_spec.rb:0.014129678
./spec/models/user_spec.rb:0.023679242
./spec/models/user_spec.rb:0.020304624
./spec/models/user_spec.rb:0.013120342
./spec/models/user_spec.rb:0.019001907
./spec/models/user_spec.rb:0.012738028
./spec/models/user_spec.rb:0.020951422
./spec/models/user_spec.rb:0.013153254
./spec/models/user_spec.rb:0.013160059
./spec/models/user_spec.rb:0.013765112
./spec/models/user_spec.rb:0.702835956
./spec/models/user_spec.rb:0.012018038
./spec/models/user_spec.rb:0.022588088
./spec/models/user_spec.rb:0.806919026
./spec/models/user_spec.rb:0.786230208
./spec/models/user_spec.rb:0.023537708
./spec/models/user_spec.rb:0.708363722
./spec/models/user_spec.rb:0.646102348
./spec/models/user_spec.rb:0.031033935
./spec/models/user_spec.rb:0.673452792
./spec/models/user_spec.rb:0.604144534
./spec/models/user_spec.rb:1.298886776
./spec/models/user_spec.rb:1.441598606
./spec/models/user_spec.rb:1.770802832
./spec/models/user_spec.rb:1.683608928
./spec/models/user_spec.rb:1.871153153
./spec/models/user_spec.rb:0.057235921
./spec/models/user_spec.rb:0.857576755
./spec/models/user_spec.rb:1.938346196
./spec/models/user_spec.rb:0.87728912
./spec/models/user_spec.rb:0.759465149
./spec/models/video_spec.rb:0.001181939
./spec/models/video_spec.rb:0.092798667
./spec/models/video_spec.rb:0.005566426
./spec/models/video_spec.rb:0.126374934
./spec/models/volunteer_hour_spec.rb:0.000827785
./spec/models/volunteer_hour_spec.rb:0.000519755
./spec/models/volunteer_hour_spec.rb:0.007055667
./spec/models/volunteer_hour_spec.rb:0.004865827
./spec/models/volunteer_hour_spec.rb:0.004864055
./spec/models/volunteer_hour_spec.rb:0.003896382
./spec/models/volunteer_hour_spec.rb:0.735801623
./spec/models/volunteer_hour_spec.rb:0.709487361
./spec/models/volunteer_hour_spec.rb:0.638649642
./spec/models/volunteer_task_join_spec.rb:0.000934741
./spec/models/volunteer_task_join_spec.rb:0.000781331
./spec/models/volunteer_task_join_spec.rb:0.003498702
./spec/models/volunteer_task_join_spec.rb:0.002828929
./spec/models/volunteer_task_join_spec.rb:0.002822312
./spec/models/volunteer_task_request_spec.rb:0.000791719
./spec/models/volunteer_task_request_spec.rb:0.000594963
./spec/models/volunteer_task_request_spec.rb:0.006098243
./spec/models/volunteer_task_request_spec.rb:0.0047333
./spec/models/volunteer_task_request_spec.rb:0.004367213
./spec/models/volunteer_task_request_spec.rb:0.004126653
./spec/models/volunteer_task_request_spec.rb:0.854524925
./spec/models/volunteer_task_request_spec.rb:0.664331637
./spec/models/volunteer_task_request_spec.rb:0.69764873
./spec/models/volunteer_task_request_spec.rb:0.699710813
./spec/models/volunteer_task_spec.rb:0.001088372
./spec/models/volunteer_task_spec.rb:0.000528888
./spec/models/volunteer_task_spec.rb:0.000424901
./spec/models/volunteer_task_spec.rb:0.000385689
./spec/models/volunteer_task_spec.rb:0.000441221
./spec/models/volunteer_task_spec.rb:0.00037588
./spec/models/volunteer_task_spec.rb:0.000378613
./spec/models/volunteer_task_spec.rb:0.713967897
./spec/models/volunteer_task_spec.rb:0.704625437
./spec/models/walk_in_safety_sheet_spec.rb:0.000010998
./spec/requests/lockers_controller_spec.rb:0.000005048
./spec/requests/proficient_project_session_spec.rb:0.000017715
./spec/requests/proficient_project_sessions_controller_spec.rb:0.000003547
